<?xml version="1.0" encoding="UTF-8"?>
<testng-results ignored="0" total="4" passed="4" failed="0" skipped="0">
  <reporter-output>
  </reporter-output>
  <suite started-at="2021-02-07T17:54:21 IST" name="SouceDemo Test Suite" finished-at="2021-02-07T17:55:03 IST" duration-ms="41745">
    <groups>
      <group name="cucumber">
        <method signature="AbstractTestNGCucumberTests.runScenario(io.cucumber.testng.PickleWrapper, io.cucumber.testng.FeatureWrapper)[pri:0, instance:TestRunner.AllFeaturesRunner@17d2ed1b]" name="runScenario" class="io.cucumber.testng.AbstractTestNGCucumberTests"/>
      </group> <!-- cucumber -->
    </groups>
    <test started-at="2021-02-07T17:54:21 IST" name="Validate All the Scenarios" finished-at="2021-02-07T17:55:03 IST" duration-ms="41745">
      <class name="TestRunner.AllFeaturesRunner">
        <test-method is-config="true" signature="setUpClass()[pri:0, instance:TestRunner.AllFeaturesRunner@17d2ed1b]" started-at="2021-02-07T17:54:21 IST" name="setUpClass" finished-at="2021-02-07T17:54:25 IST" duration-ms="3461" status="PASS">
          <reporter-output>
          </reporter-output>
        </test-method> <!-- setUpClass -->
        <test-method signature="runScenario(io.cucumber.testng.PickleWrapper, io.cucumber.testng.FeatureWrapper)[pri:0, instance:TestRunner.AllFeaturesRunner@17d2ed1b]" started-at="2021-02-07T17:54:25 IST" name="runScenario" description="Runs Cucumber Scenarios" data-provider="scenarios" finished-at="2021-02-07T17:54:39 IST" duration-ms="14225" status="PASS">
          <params>
            <param index="0">
              <value>
                <![CDATA["Scenario1: Checkout and validate the product details whether you are ordered the correct product."]]>
              </value>
            </param>
            <param index="1">
              <value>
                <![CDATA["Optional[Validating the SauceDemo application]"]]>
              </value>
            </param>
          </params>
          <reporter-output>
          </reporter-output>
        </test-method> <!-- runScenario -->
        <test-method signature="runScenario(io.cucumber.testng.PickleWrapper, io.cucumber.testng.FeatureWrapper)[pri:0, instance:TestRunner.AllFeaturesRunner@17d2ed1b]" started-at="2021-02-07T17:54:39 IST" name="runScenario" description="Runs Cucumber Scenarios" data-provider="scenarios" finished-at="2021-02-07T17:54:45 IST" duration-ms="5556" status="PASS">
          <params>
            <param index="0">
              <value>
                <![CDATA["Scenario2: Get All the Product list and print in console."]]>
              </value>
            </param>
            <param index="1">
              <value>
                <![CDATA["Optional[Validating the SauceDemo application]"]]>
              </value>
            </param>
          </params>
          <reporter-output>
          </reporter-output>
        </test-method> <!-- runScenario -->
        <test-method signature="runScenario(io.cucumber.testng.PickleWrapper, io.cucumber.testng.FeatureWrapper)[pri:0, instance:TestRunner.AllFeaturesRunner@17d2ed1b]" started-at="2021-02-07T17:54:45 IST" name="runScenario" description="Runs Cucumber Scenarios" data-provider="scenarios" finished-at="2021-02-07T17:54:58 IST" duration-ms="13522" status="PASS">
          <params>
            <param index="0">
              <value>
                <![CDATA["Scenario3: Get All product price and remove dollar symbol"]]>
              </value>
            </param>
            <param index="1">
              <value>
                <![CDATA["Optional[Validating the SauceDemo application]"]]>
              </value>
            </param>
          </params>
          <reporter-output>
          </reporter-output>
        </test-method> <!-- runScenario -->
        <test-method signature="runScenario(io.cucumber.testng.PickleWrapper, io.cucumber.testng.FeatureWrapper)[pri:0, instance:TestRunner.AllFeaturesRunner@17d2ed1b]" started-at="2021-02-07T17:54:58 IST" name="runScenario" description="Runs Cucumber Scenarios" data-provider="scenarios" finished-at="2021-02-07T17:55:03 IST" duration-ms="4099" status="PASS">
          <params>
            <param index="0">
              <value>
                <![CDATA["Sceanrio4: Validate Invalid Username and Password Scenario"]]>
              </value>
            </param>
            <param index="1">
              <value>
                <![CDATA["Optional[Validating the SauceDemo application]"]]>
              </value>
            </param>
          </params>
          <reporter-output>
          </reporter-output>
        </test-method> <!-- runScenario -->
        <test-method is-config="true" signature="tearDownClass()[pri:0, instance:TestRunner.AllFeaturesRunner@17d2ed1b]" started-at="2021-02-07T17:55:03 IST" name="tearDownClass" finished-at="2021-02-07T17:55:03 IST" duration-ms="111" status="PASS">
          <reporter-output>
          </reporter-output>
        </test-method> <!-- tearDownClass -->
      </class> <!-- TestRunner.AllFeaturesRunner -->
    </test> <!-- Validate All the Scenarios -->
  </suite> <!-- SouceDemo Test Suite -->
</testng-results>
